0 info it worked if it ends with ok
1 verbose cli [ 'D:\\Portables\\NodeJs\\node.exe',
1 verbose cli   'D:\\Portables\\NodeJs\\node_modules\\npm\\bin\\npm-cli.js',
1 verbose cli   'run',
1 verbose cli   'build:readme' ]
2 info using npm@2.15.9
3 info using node@v4.6.0
4 verbose run-script [ 'prebuild:readme', 'build:readme', 'postbuild:readme' ]
5 info prebuild:readme crontalk@0.0.0
6 info build:readme crontalk@0.0.0
7 verbose unsafe-perm in lifecycle true
8 info crontalk@0.0.0 Failed to exec build:readme script
9 verbose stack Error: crontalk@0.0.0 build:readme: `hbsrender -t pkg/readme/README.md.hbs -c ./package.json -p contribute:pkg/readme/CONTRIBUTE.md.hbs -p installation:pkg/readme/INSTALL.md.hbs > README.md`
9 verbose stack Exit status 1
9 verbose stack     at EventEmitter.<anonymous> (D:\Portables\NodeJs\node_modules\npm\lib\utils\lifecycle.js:217:16)
9 verbose stack     at emitTwo (events.js:87:13)
9 verbose stack     at EventEmitter.emit (events.js:172:7)
9 verbose stack     at ChildProcess.<anonymous> (D:\Portables\NodeJs\node_modules\npm\lib\utils\spawn.js:24:14)
9 verbose stack     at emitTwo (events.js:87:13)
9 verbose stack     at ChildProcess.emit (events.js:172:7)
9 verbose stack     at maybeClose (internal/child_process.js:829:16)
9 verbose stack     at Process.ChildProcess._handle.onexit (internal/child_process.js:211:5)
10 verbose pkgid crontalk@0.0.0
11 verbose cwd D:\Portables\NodeJs\crontalk
12 error Windows_NT 6.3.9600
13 error argv "D:\\Portables\\NodeJs\\node.exe" "D:\\Portables\\NodeJs\\node_modules\\npm\\bin\\npm-cli.js" "run" "build:readme"
14 error node v4.6.0
15 error npm  v2.15.9
16 error code ELIFECYCLE
17 error crontalk@0.0.0 build:readme: `hbsrender -t pkg/readme/README.md.hbs -c ./package.json -p contribute:pkg/readme/CONTRIBUTE.md.hbs -p installation:pkg/readme/INSTALL.md.hbs > README.md`
17 error Exit status 1
18 error Failed at the crontalk@0.0.0 build:readme script 'hbsrender -t pkg/readme/README.md.hbs -c ./package.json -p contribute:pkg/readme/CONTRIBUTE.md.hbs -p installation:pkg/readme/INSTALL.md.hbs > README.md'.
18 error This is most likely a problem with the crontalk package,
18 error not with npm itself.
18 error Tell the author that this fails on your system:
18 error     hbsrender -t pkg/readme/README.md.hbs -c ./package.json -p contribute:pkg/readme/CONTRIBUTE.md.hbs -p installation:pkg/readme/INSTALL.md.hbs > README.md
18 error You can get information on how to open an issue for this project with:
18 error     npm bugs crontalk
18 error Or if that isn't available, you can get their info via:
18 error
18 error     npm owner ls crontalk
18 error There is likely additional logging output above.
19 verbose exit [ 1, true ]
